<?xml version="1.0" encoding="UTF-8"?>
<testsuite name="com.example.restservice.RestServiceApplicationTests" tests="1" skipped="0" failures="0" errors="0" timestamp="2020-09-10T01:12:37" hostname="Meltsans-MacBook-Pro.local" time="0.276">
  <properties/>
  <testcase name="contextLoads()" classname="com.example.restservice.RestServiceApplicationTests" time="0.276"/>
  <system-out><![CDATA[20:12:29.990 [Test worker] DEBUG org.springframework.test.context.BootstrapUtils - Instantiating CacheAwareContextLoaderDelegate from class [org.springframework.test.context.cache.DefaultCacheAwareContextLoaderDelegate]
20:12:30.007 [Test worker] DEBUG org.springframework.test.context.BootstrapUtils - Instantiating BootstrapContext using constructor [public org.springframework.test.context.support.DefaultBootstrapContext(java.lang.Class,org.springframework.test.context.CacheAwareContextLoaderDelegate)]
20:12:30.038 [Test worker] DEBUG org.springframework.test.context.BootstrapUtils - Instantiating TestContextBootstrapper for test class [com.example.restservice.RestServiceApplicationTests] from class [org.springframework.boot.test.context.SpringBootTestContextBootstrapper]
20:12:30.054 [Test worker] INFO org.springframework.boot.test.context.SpringBootTestContextBootstrapper - Neither @ContextConfiguration nor @ContextHierarchy found for test class [com.example.restservice.RestServiceApplicationTests], using SpringBootContextLoader
20:12:30.058 [Test worker] DEBUG org.springframework.test.context.support.AbstractContextLoader - Did not detect default resource location for test class [com.example.restservice.RestServiceApplicationTests]: class path resource [com/example/restservice/RestServiceApplicationTests-context.xml] does not exist
20:12:30.059 [Test worker] DEBUG org.springframework.test.context.support.AbstractContextLoader - Did not detect default resource location for test class [com.example.restservice.RestServiceApplicationTests]: class path resource [com/example/restservice/RestServiceApplicationTestsContext.groovy] does not exist
20:12:30.059 [Test worker] INFO org.springframework.test.context.support.AbstractContextLoader - Could not detect default resource locations for test class [com.example.restservice.RestServiceApplicationTests]: no resource found for suffixes {-context.xml, Context.groovy}.
20:12:30.060 [Test worker] INFO org.springframework.test.context.support.AnnotationConfigContextLoaderUtils - Could not detect default configuration classes for test class [com.example.restservice.RestServiceApplicationTests]: RestServiceApplicationTests does not declare any static, non-private, non-final, nested classes annotated with @Configuration.
20:12:30.102 [Test worker] DEBUG org.springframework.test.context.support.ActiveProfilesUtils - Could not find an 'annotation declaring class' for annotation type [org.springframework.test.context.ActiveProfiles] and class [com.example.restservice.RestServiceApplicationTests]
20:12:30.175 [Test worker] DEBUG org.springframework.context.annotation.ClassPathScanningCandidateComponentProvider - Identified candidate component class: file [/Users/meltsan/Documents/SPRING/rest-service/build/classes/java/main/com/example/restservice/RestServiceApplication.class]
20:12:30.176 [Test worker] INFO org.springframework.boot.test.context.SpringBootTestContextBootstrapper - Found @SpringBootConfiguration com.example.restservice.RestServiceApplication for test class com.example.restservice.RestServiceApplicationTests
20:12:30.273 [Test worker] DEBUG org.springframework.boot.test.context.SpringBootTestContextBootstrapper - @TestExecutionListeners is not present for class [com.example.restservice.RestServiceApplicationTests]: using defaults.
20:12:30.274 [Test worker] INFO org.springframework.boot.test.context.SpringBootTestContextBootstrapper - Loaded default TestExecutionListener class names from location [META-INF/spring.factories]: [org.springframework.boot.test.autoconfigure.restdocs.RestDocsTestExecutionListener, org.springframework.boot.test.autoconfigure.web.client.MockRestServiceServerResetTestExecutionListener, org.springframework.boot.test.autoconfigure.web.servlet.MockMvcPrintOnlyOnFailureTestExecutionListener, org.springframework.boot.test.autoconfigure.web.servlet.WebDriverTestExecutionListener, org.springframework.boot.test.autoconfigure.webservices.client.MockWebServiceServerTestExecutionListener, org.springframework.boot.test.mock.mockito.MockitoTestExecutionListener, org.springframework.boot.test.mock.mockito.ResetMocksTestExecutionListener, org.springframework.test.context.web.ServletTestExecutionListener, org.springframework.test.context.support.DirtiesContextBeforeModesTestExecutionListener, org.springframework.test.context.support.DependencyInjectionTestExecutionListener, org.springframework.test.context.support.DirtiesContextTestExecutionListener, org.springframework.test.context.transaction.TransactionalTestExecutionListener, org.springframework.test.context.jdbc.SqlScriptsTestExecutionListener, org.springframework.test.context.event.EventPublishingTestExecutionListener]
20:12:30.288 [Test worker] DEBUG org.springframework.boot.test.context.SpringBootTestContextBootstrapper - Skipping candidate TestExecutionListener [org.springframework.test.context.transaction.TransactionalTestExecutionListener] due to a missing dependency. Specify custom listener classes or make the default listener classes and their required dependencies available. Offending class: [org.springframework.transaction.interceptor.TransactionAttributeSource]
20:12:30.289 [Test worker] DEBUG org.springframework.boot.test.context.SpringBootTestContextBootstrapper - Skipping candidate TestExecutionListener [org.springframework.test.context.jdbc.SqlScriptsTestExecutionListener] due to a missing dependency. Specify custom listener classes or make the default listener classes and their required dependencies available. Offending class: [org.springframework.transaction.interceptor.TransactionAttribute]
20:12:30.290 [Test worker] INFO org.springframework.boot.test.context.SpringBootTestContextBootstrapper - Using TestExecutionListeners: [org.springframework.test.context.web.ServletTestExecutionListener@748177b5, org.springframework.test.context.support.DirtiesContextBeforeModesTestExecutionListener@e75cf78e, org.springframework.boot.test.mock.mockito.MockitoTestExecutionListener@713b5ed7, org.springframework.boot.test.autoconfigure.SpringBootDependencyInjectionTestExecutionListener@9944116b, org.springframework.test.context.support.DirtiesContextTestExecutionListener@aa6ea8c2, org.springframework.test.context.event.EventPublishingTestExecutionListener@48989b87, org.springframework.boot.test.autoconfigure.restdocs.RestDocsTestExecutionListener@95c3d2f7, org.springframework.boot.test.autoconfigure.web.client.MockRestServiceServerResetTestExecutionListener@c94b519f, org.springframework.boot.test.autoconfigure.web.servlet.MockMvcPrintOnlyOnFailureTestExecutionListener@23aefa26, org.springframework.boot.test.autoconfigure.web.servlet.WebDriverTestExecutionListener@685a7c88, org.springframework.boot.test.autoconfigure.webservices.client.MockWebServiceServerTestExecutionListener@80ab0caf, org.springframework.boot.test.mock.mockito.ResetMocksTestExecutionListener@9158236]
20:12:30.297 [Test worker] DEBUG org.springframework.test.context.support.AbstractDirtiesContextTestExecutionListener - Before test class: context [DefaultTestContext@9cf20b50 testClass = RestServiceApplicationTests, testInstance = [null], testMethod = [null], testException = [null], mergedContextConfiguration = [WebMergedContextConfiguration@aa273da5 testClass = RestServiceApplicationTests, locations = '{}', classes = '{class com.example.restservice.RestServiceApplication}', contextInitializerClasses = '[]', activeProfiles = '{}', propertySourceLocations = '{}', propertySourceProperties = '{org.springframework.boot.test.context.SpringBootTestContextBootstrapper=true}', contextCustomizers = set[org.springframework.boot.test.autoconfigure.properties.PropertyMappingContextCustomizer@0, org.springframework.boot.test.autoconfigure.web.servlet.WebDriverContextCustomizerFactory$Customizer@3ab1a72a, org.springframework.boot.test.context.filter.ExcludeFilterContextCustomizer@273f25ad, org.springframework.boot.test.json.DuplicateJsonObjectContextCustomizerFactory$DuplicateJsonObjectContextCustomizer@31b36885, org.springframework.boot.test.mock.mockito.MockitoContextCustomizer@0, org.springframework.boot.test.web.client.TestRestTemplateContextCustomizer@cd1d21ed, org.springframework.boot.test.context.SpringBootTestArgs@1], resourceBasePath = 'src/main/webapp', contextLoader = 'org.springframework.boot.test.context.SpringBootContextLoader', parent = [null]], attributes = map['org.springframework.test.context.web.ServletTestExecutionListener.activateListener' -> true]], class annotated with @DirtiesContext [false] with mode [null].
20:12:30.329 [Test worker] DEBUG org.springframework.test.context.support.TestPropertySourceUtils - Adding inlined properties to environment: {spring.jmx.enabled=false, org.springframework.boot.test.context.SpringBootTestContextBootstrapper=true}

  .   ____          _            __ _ _
 /\\ / ___'_ __ _ _(_)_ __  __ _ \ \ \ \
( ( )\___ | '_ | '_| | '_ \/ _` | \ \ \ \
 \\/  ___)| |_)| | | | | || (_| |  ) ) ) )
  '  |____| .__|_| |_|_| |_\__, | / / / /
 =========|_|==============|___/=/_/_/_/
 :: Spring Boot ::        (v2.3.3.RELEASE)

2020-09-09 20:12:35.596  WARN 3602 --- [    Test worker] o.s.boot.StartupInfoLogger               : InetAddress.getLocalHost().getHostName() took 5009 milliseconds to respond. Please verify your network configuration (macOS machines may need to add entries to /etc/hosts).
2020-09-09 20:12:35.600  INFO 3602 --- [    Test worker] c.e.r.RestServiceApplicationTests        : Starting RestServiceApplicationTests on Meltsans-MacBook-Pro.local with PID 3602 (started by meltsan in /Users/meltsan/Documents/SPRING/rest-service)
2020-09-09 20:12:35.601  INFO 3602 --- [    Test worker] c.e.r.RestServiceApplicationTests        : No active profile set, falling back to default profiles: default
2020-09-09 20:12:36.802  INFO 3602 --- [    Test worker] o.s.s.concurrent.ThreadPoolTaskExecutor  : Initializing ExecutorService 'applicationTaskExecutor'
2020-09-09 20:12:37.093  INFO 3602 --- [    Test worker] c.e.r.RestServiceApplicationTests        : Started RestServiceApplicationTests in 6.755 seconds (JVM running for 8.188)
]]></system-out>
  <system-err><![CDATA[]]></system-err>
</testsuite>
